Determining if files header exist failed with the following output:
Change Dir: /Data/GitHub/forked-minisketch/cmake-build-debug/CMakeFiles/CMakeTmp

Run Build Command(s):/usr/bin/make cmTC_6ba7b/fast 
/usr/bin/make -f CMakeFiles/cmTC_6ba7b.dir/build.make CMakeFiles/cmTC_6ba7b.dir/build
make[1]: Entering directory '/Data/GitHub/forked-minisketch/cmake-build-debug/CMakeFiles/CMakeTmp'
Building C object CMakeFiles/cmTC_6ba7b.dir/RESULT.c.o
/usr/bin/cc    -o CMakeFiles/cmTC_6ba7b.dir/RESULT.c.o   -c /Data/GitHub/forked-minisketch/cmake-build-debug/CMakeFiles/CheckIncludeFiles/RESULT.c
/Data/GitHub/forked-minisketch/cmake-build-debug/CMakeFiles/CheckIncludeFiles/RESULT.c:2:10: fatal error: header: No such file or directory
 #include <header>
          ^~~~~~~~
compilation terminated.
CMakeFiles/cmTC_6ba7b.dir/build.make:65: recipe for target 'CMakeFiles/cmTC_6ba7b.dir/RESULT.c.o' failed
make[1]: *** [CMakeFiles/cmTC_6ba7b.dir/RESULT.c.o] Error 1
make[1]: Leaving directory '/Data/GitHub/forked-minisketch/cmake-build-debug/CMakeFiles/CMakeTmp'
Makefile:121: recipe for target 'cmTC_6ba7b/fast' failed
make: *** [cmTC_6ba7b/fast] Error 2

Source:
/* */
#include <header>


int main(void){return 0;}

