Determining if files header exist failed with the following output:
Change Dir: /home/saber/GitHub/forked-minisketch/cmake-build-vcpkg/CMakeFiles/CMakeTmp

Run Build Command(s):/usr/bin/make cmTC_bce39/fast 
/usr/bin/make -f CMakeFiles/cmTC_bce39.dir/build.make CMakeFiles/cmTC_bce39.dir/build
make[1]: Entering directory '/home/saber/GitHub/forked-minisketch/cmake-build-vcpkg/CMakeFiles/CMakeTmp'
Building C object CMakeFiles/cmTC_bce39.dir/RESULT.c.o
/usr/bin/cc    -o CMakeFiles/cmTC_bce39.dir/RESULT.c.o   -c /home/saber/GitHub/forked-minisketch/cmake-build-vcpkg/CMakeFiles/CheckIncludeFiles/RESULT.c
/home/saber/GitHub/forked-minisketch/cmake-build-vcpkg/CMakeFiles/CheckIncludeFiles/RESULT.c:2:10: fatal error: header: No such file or directory
 #include <header>
          ^~~~~~~~
compilation terminated.
make[1]: *** [CMakeFiles/cmTC_bce39.dir/build.make:66: CMakeFiles/cmTC_bce39.dir/RESULT.c.o] Error 1
make[1]: Leaving directory '/home/saber/GitHub/forked-minisketch/cmake-build-vcpkg/CMakeFiles/CMakeTmp'
make: *** [Makefile:121: cmTC_bce39/fast] Error 2

Source:
/* */
#include <header>


int main(void){return 0;}

Determining if the pthread_create exist failed with the following output:
Change Dir: /home/saber/GitHub/forked-minisketch/cmake-build-vcpkg/CMakeFiles/CMakeTmp

Run Build Command(s):/usr/bin/make cmTC_56afd/fast 
/usr/bin/make -f CMakeFiles/cmTC_56afd.dir/build.make CMakeFiles/cmTC_56afd.dir/build
make[1]: Entering directory '/home/saber/GitHub/forked-minisketch/cmake-build-vcpkg/CMakeFiles/CMakeTmp'
Building C object CMakeFiles/cmTC_56afd.dir/CheckSymbolExists.c.o
/usr/bin/cc    -o CMakeFiles/cmTC_56afd.dir/CheckSymbolExists.c.o   -c /home/saber/GitHub/forked-minisketch/cmake-build-vcpkg/CMakeFiles/CMakeTmp/CheckSymbolExists.c
Linking C executable cmTC_56afd
/usr/local/clion-2019.2/bin/cmake/linux/bin/cmake -E cmake_link_script CMakeFiles/cmTC_56afd.dir/link.txt --verbose=1
/usr/bin/cc      CMakeFiles/cmTC_56afd.dir/CheckSymbolExists.c.o  -o cmTC_56afd 
/usr/bin/ld: CMakeFiles/cmTC_56afd.dir/CheckSymbolExists.c.o: in function `main':
CheckSymbolExists.c:(.text+0x1b): undefined reference to `pthread_create'
collect2: error: ld returned 1 exit status
make[1]: *** [CMakeFiles/cmTC_56afd.dir/build.make:87: cmTC_56afd] Error 1
make[1]: Leaving directory '/home/saber/GitHub/forked-minisketch/cmake-build-vcpkg/CMakeFiles/CMakeTmp'
make: *** [Makefile:121: cmTC_56afd/fast] Error 2

File /home/saber/GitHub/forked-minisketch/cmake-build-vcpkg/CMakeFiles/CMakeTmp/CheckSymbolExists.c:
/* */
#include <pthread.h>

int main(int argc, char** argv)
{
  (void)argv;
#ifndef pthread_create
  return ((int*)(&pthread_create))[argc];
#else
  (void)argc;
  return 0;
#endif
}

Determining if the function pthread_create exists in the pthreads failed with the following output:
Change Dir: /home/saber/GitHub/forked-minisketch/cmake-build-vcpkg/CMakeFiles/CMakeTmp

Run Build Command(s):/usr/bin/make cmTC_3d596/fast 
/usr/bin/make -f CMakeFiles/cmTC_3d596.dir/build.make CMakeFiles/cmTC_3d596.dir/build
make[1]: Entering directory '/home/saber/GitHub/forked-minisketch/cmake-build-vcpkg/CMakeFiles/CMakeTmp'
Building C object CMakeFiles/cmTC_3d596.dir/CheckFunctionExists.c.o
/usr/bin/cc   -DCHECK_FUNCTION_EXISTS=pthread_create   -o CMakeFiles/cmTC_3d596.dir/CheckFunctionExists.c.o   -c /usr/local/clion-2019.2/bin/cmake/linux/share/cmake-3.14/Modules/CheckFunctionExists.c
Linking C executable cmTC_3d596
/usr/local/clion-2019.2/bin/cmake/linux/bin/cmake -E cmake_link_script CMakeFiles/cmTC_3d596.dir/link.txt --verbose=1
/usr/bin/cc  -DCHECK_FUNCTION_EXISTS=pthread_create    CMakeFiles/cmTC_3d596.dir/CheckFunctionExists.c.o  -o cmTC_3d596 -lpthreads 
/usr/bin/ld: cannot find -lpthreads
collect2: error: ld returned 1 exit status
make[1]: *** [CMakeFiles/cmTC_3d596.dir/build.make:87: cmTC_3d596] Error 1
make[1]: Leaving directory '/home/saber/GitHub/forked-minisketch/cmake-build-vcpkg/CMakeFiles/CMakeTmp'
make: *** [Makefile:121: cmTC_3d596/fast] Error 2


